2021-10-04T08:49:26.613Z info: Node.js web server at port 3000 is running..
2021-10-04T11:51:27.810Z info: Node.js web server at port 3000 is running..
2021-10-04T11:53:34.929Z info: Node.js web server at port 3000 is running..
2021-10-04T11:54:18.940Z error: source folder is not exists
2021-10-04T11:56:38.054Z info: Node.js web server at port 3000 is running..
2021-10-04T11:56:44.616Z error: source folder is not exists
2021-10-04T11:57:36.920Z info: Node.js web server at port 3000 is running..
2021-10-04T12:00:00.389Z info: Node.js web server at port 3000 is running..
2021-10-04T12:02:23.832Z info: Node.js web server at port 3000 is running..
2021-10-04T19:25:25.599Z info: Node.js web server at port 3000 is running..
2021-10-04T19:28:04.085Z info: Node.js web server at port 3000 is running..
2021-10-04T19:28:57.142Z info: Node.js web server at port 3000 is running..
2021-10-04T19:31:31.080Z info: Node.js web server at port 3000 is running..
2021-10-04T19:32:47.343Z info: Node.js web server at port 3000 is running..
2021-10-04T19:36:13.958Z info: Node.js web server at port 3000 is running..
2021-10-04T19:37:25.981Z info: Node.js web server at port 3000 is running..
2021-10-04T19:37:29.157Z error: source folder is not exists
2021-10-04T19:38:33.378Z info: Node.js web server at port 3000 is running..
2021-10-04T19:43:29.910Z info: Node.js web server at port 3000 is running..
2021-10-04T19:43:34.949Z error: source folder is not exists
2021-10-04T19:46:33.522Z info: Node.js web server at port 3000 is running..
2021-10-05T05:54:29.187Z info: Node.js web server at port 3000 is running..
2021-10-05T05:55:49.210Z info: Node.js web server at port 3000 is running..
2021-10-05T05:57:17.553Z info: Node.js web server at port 3000 is running..
2021-10-05T05:59:19.250Z info: Node.js web server at port 3000 is running..
2021-10-05T06:01:15.999Z info: Node.js web server at port 3000 is running..
2021-10-05T06:02:03.645Z info: Node.js web server at port 3000 is running..
2021-10-05T06:22:37.246Z info: Node.js web server at port 3000 is running..
2021-10-05T06:24:01.164Z info: Node.js web server at port 3000 is running..
2021-10-05T06:24:51.834Z info: Node.js web server at port 3000 is running..
2021-10-05T06:28:41.336Z info: Node.js web server at port 3000 is running..
2021-10-05T06:29:43.889Z info: Node.js web server at port 3000 is running..
2021-10-05T06:32:29.143Z info: Node.js web server at port 3000 is running..
2021-10-05T06:58:32.063Z info: Node.js web server at port 3000 is running..
2021-10-05T06:59:15.472Z info: Node.js web server at port 3000 is running..
2021-10-05T07:00:23.221Z info: Node.js web server at port 3000 is running..
2021-10-05T07:01:46.168Z info: Node.js web server at port 3000 is running..
2021-10-05T07:03:02.544Z info: Node.js web server at port 3000 is running..
2021-10-05T07:03:36.644Z info: Node.js web server at port 3000 is running..
2021-10-05T07:04:16.132Z info: Node.js web server at port 3000 is running..
2021-10-05T08:18:32.622Z info: Node.js web server at port 3000 is running..
2021-10-05T08:20:22.277Z info: Node.js web server at port 3000 is running..
2021-10-05T08:37:46.841Z info: Node.js web server at port 3000 is running..
2021-10-05T08:38:20.728Z info: Node.js web server at port 3000 is running..
2021-10-05T08:43:17.070Z info: Node.js web server at port 3000 is running..
2021-10-05T08:44:21.442Z info: Node.js web server at port 3000 is running..
2021-10-05T08:49:45.944Z info: Node.js web server at port 3000 is running..
2021-10-05T09:04:40.360Z info: Node.js web server at port 3000 is running..
2021-10-05T09:04:43.555Z info: The copy performed successfully
2021-10-05T09:17:39.363Z info: Node.js web server at port 3000 is running..
2021-10-05T09:18:05.127Z info: Node.js web server at port 3000 is running..
2021-10-05T09:18:09.625Z info: The copy performed successfully
2021-10-05T09:18:47.274Z info: Node.js web server at port 3000 is running..
2021-10-05T09:18:51.190Z info: The copy performed successfully
2021-10-05T09:20:49.122Z info: Node.js web server at port 3000 is running..
2021-10-05T09:21:48.514Z info: Node.js web server at port 3000 is running..
2021-10-05T09:22:09.771Z info: Node.js web server at port 3000 is running..
2021-10-05T09:25:36.474Z info: Node.js web server at port 3000 is running..
2021-10-05T09:33:39.010Z info: Node.js web server at port 3000 is running..
2021-10-05T09:36:18.677Z info: Node.js web server at port 3000 is running..
2021-10-05T09:37:38.278Z info: Node.js web server at port 3000 is running..
2021-10-05T09:37:58.380Z info: Node.js web server at port 3000 is running..
2021-10-05T09:38:01.691Z info: The copy performed successfully
2021-10-05T09:41:47.789Z info: Node.js web server at port 3000 is running..
2021-10-05T09:41:51.464Z info: The copy performed successfully
2021-10-05T09:42:54.405Z info: Node.js web server at port 3000 is running..
2021-10-05T09:43:00.520Z info: The copy performed successfully
2021-10-05T09:43:36.912Z info: Node.js web server at port 3000 is running..
2021-10-05T09:43:40.446Z info: The copy performed successfully
2021-10-05T09:44:01.337Z info: Node.js web server at port 3000 is running..
2021-10-05T09:44:05.476Z info: The copy performed successfully
2021-10-05T09:44:39.877Z info: Node.js web server at port 3000 is running..
2021-10-05T09:44:44.778Z info: The copy performed successfully
2021-10-05T09:53:01.058Z info: Node.js web server at port 3000 is running..
2021-10-05T09:53:10.936Z info: Node.js web server at port 3000 is running..
2021-10-05T09:53:13.804Z info: The copy performed successfully
2021-10-05T09:53:48.826Z info: Node.js web server at port 3000 is running..
2021-10-05T09:53:53.019Z info: The copy performed successfully
2021-10-05T11:25:20.157Z info: Node.js web server at port 3000 is running..
2021-10-05T11:25:55.676Z info: Node.js web server at port 3000 is running..
2021-10-05T11:25:58.890Z info: The copy performed successfully
2021-10-05T11:27:31.017Z info: Node.js web server at port 3000 is running..
2021-10-05T11:27:37.851Z info: The copy performed successfully
2021-10-05T11:28:32.882Z info: Node.js web server at port 3000 is running..
2021-10-05T11:28:38.458Z info: The copy performed successfully
2021-10-05T11:33:13.952Z info: Node.js web server at port 3000 is running..
2021-10-05T11:33:18.251Z info: The copy performed successfully
2021-10-05T11:34:59.526Z info: Node.js web server at port 3000 is running..
2021-10-05T11:35:03.336Z info: The copy performed successfully
2021-10-05T11:36:19.957Z info: Node.js web server at port 3000 is running..
2021-10-05T11:36:25.657Z info: The copy performed successfully
2021-10-05T11:37:33.900Z info: Node.js web server at port 3000 is running..
2021-10-05T11:37:42.067Z info: The copy performed successfully
2021-10-05T11:38:12.936Z info: Node.js web server at port 3000 is running..
2021-10-05T11:38:15.494Z info: The copy performed successfully
2021-10-05T11:39:43.891Z info: Node.js web server at port 3000 is running..
2021-10-05T11:39:47.289Z info: The copy performed successfully
2021-10-05T11:40:24.810Z info: Node.js web server at port 3000 is running..
2021-10-05T11:40:27.651Z info: The copy performed successfully
2021-10-05T11:40:43.335Z info: Node.js web server at port 3000 is running..
2021-10-05T11:40:49.364Z info: The copy performed successfully
2021-10-05T11:43:54.193Z info: Node.js web server at port 3000 is running..
2021-10-05T11:43:58.316Z info: The copy performed successfully
2021-10-05T11:44:32.655Z info: Node.js web server at port 3000 is running..
2021-10-05T11:44:35.260Z info: The copy performed successfully
2021-10-05T11:45:56.808Z info: Node.js web server at port 3000 is running..
2021-10-05T11:47:06.421Z info: Node.js web server at port 3000 is running..
2021-10-05T11:47:56.164Z info: Node.js web server at port 3000 is running..
2021-10-05T11:48:40.212Z info: Node.js web server at port 3000 is running..
2021-10-05T11:49:47.237Z info: Node.js web server at port 3000 is running..
2021-10-05T11:50:51.990Z info: Node.js web server at port 3000 is running..
2021-10-05T12:09:41.138Z info: Node.js web server at port 3000 is running..
2021-10-05T12:09:52.170Z info: Node.js web server at port 3000 is running..
2021-10-05T12:12:08.024Z info: Node.js web server at port 3000 is running..
2021-10-05T12:12:11.111Z info: The copy performed successfully
2021-10-05T12:17:56.612Z info: Node.js web server at port 3000 is running..
2021-10-05T12:17:59.731Z info: The copy performed successfully
2021-10-05T12:19:35.214Z info: Node.js web server at port 3000 is running..
2021-10-05T12:19:38.084Z info: The copy performed successfully
2021-10-05T12:20:45.799Z info: Node.js web server at port 3000 is running..
2021-10-05T12:20:48.463Z info: The copy performed successfully
2021-10-05T12:24:06.557Z info: Node.js web server at port 3000 is running..
2021-10-05T12:24:09.571Z info: The copy performed successfully
2021-10-05T12:27:09.814Z info: Node.js web server at port 3000 is running..
2021-10-05T12:35:21.640Z info: Node.js web server at port 3000 is running..
2021-10-05T12:35:25.277Z info: The copy performed successfully
2021-10-05T12:36:42.194Z info: Node.js web server at port 3000 is running..
2021-10-05T12:36:45.089Z info: The copy performed successfully
2021-10-05T12:38:07.683Z info: Node.js web server at port 3000 is running..
2021-10-05T12:38:11.314Z info: The copy performed successfully
2021-10-05T12:39:42.766Z info: Node.js web server at port 3000 is running..
2021-10-05T12:39:46.489Z info: The copy performed successfully
2021-10-05T12:40:24.951Z info: Node.js web server at port 3000 is running..
2021-10-05T12:40:27.832Z info: The copy performed successfully
2021-10-05T12:47:51.440Z info: Node.js web server at port 3000 is running..
2021-10-05T12:48:48.855Z info: Node.js web server at port 3000 is running..
2021-10-05T12:50:41.513Z info: Node.js web server at port 3000 is running..
2021-10-05T12:50:44.829Z info: The copy performed successfully
2021-10-05T12:51:40.983Z info: Node.js web server at port 3000 is running..
2021-10-05T12:51:45.256Z info: The copy performed successfully
2021-10-05T12:52:04.400Z info: Node.js web server at port 3000 is running..
2021-10-05T12:52:08.265Z info: The copy performed successfully
2021-10-05T12:52:56.412Z info: Node.js web server at port 3000 is running..
2021-10-05T12:53:01.805Z info: The copy performed successfully
2021-10-05T12:53:46.971Z info: Node.js web server at port 3000 is running..
2021-10-05T12:53:51.293Z info: The copy performed successfully
2021-10-05T12:55:45.710Z info: Node.js web server at port 3000 is running..
2021-10-05T12:55:49.654Z info: The copy performed successfully
2021-10-05T13:12:33.997Z info: Node.js web server at port 3000 is running..
2021-10-05T13:12:37.001Z info: The copy performed successfully
2021-10-05T13:14:16.875Z info: Node.js web server at port 3000 is running..
2021-10-05T13:14:20.229Z info: The copy performed successfully
2021-10-05T13:15:49.402Z info: Node.js web server at port 3000 is running..
2021-10-05T13:15:53.441Z error: The source folder is empty
2021-10-05T13:15:53.445Z info: The copy performed successfully
2021-10-05T13:27:35.904Z info: Node.js web server at port 3000 is running..
2021-10-05T13:27:40.438Z error: The source folder is empty
2021-10-05T13:27:40.442Z info: The copy performed successfully
2021-10-05T13:29:11.800Z info: Node.js web server at port 3000 is running..
2021-10-05T13:53:12.858Z info: Node.js web server at port 3000 is running..
2021-10-05T13:53:16.432Z info: The copy performed successfully
2021-10-05T13:55:00.477Z info: Node.js web server at port 3000 is running..
2021-10-05T13:55:05.530Z info: feef
2021-10-05T13:55:05.535Z info: The copy performed successfully
2021-10-05T13:55:52.992Z info: Node.js web server at port 3000 is running..
2021-10-05T13:55:57.015Z info: feef
2021-10-05T13:55:57.020Z info: The copy performed successfully
2021-10-05T14:17:18.428Z info: Node.js web server at port 3000 is running..
2021-10-05T14:17:27.504Z info: feef
2021-10-05T14:17:27.509Z info: The copy performed successfully
2021-10-05T14:19:15.790Z info: Node.js web server at port 3000 is running..
2021-10-05T14:19:39.617Z info: f
2021-10-05T14:35:55.083Z info: Node.js web server at port 3000 is running..
2021-10-05T14:35:58.830Z info: f
2021-10-05T14:37:27.633Z info: Node.js web server at port 3000 is running..
2021-10-05T14:37:31.030Z info: f
2021-10-05T14:37:43.628Z info: Node.js web server at port 3000 is running..
2021-10-05T14:37:46.629Z info: f
2021-10-05T14:37:46.654Z info: The copy performed successfully
2021-10-05T14:46:51.439Z info: Node.js web server at port 3000 is running..
2021-10-05T14:46:55.132Z error: The "path" argument must be of type string or an instance of Buffer or URL. Received undefined
2021-10-05T14:46:55.134Z info: f
2021-10-05T14:46:55.152Z info: The copy performed successfully
2021-10-05T14:47:25.761Z info: Node.js web server at port 3000 is running..
2021-10-05T14:47:29.158Z error: The "path" argument must be of type string or an instance of Buffer or URL. Received undefined
2021-10-05T14:47:29.159Z info: f
2021-10-05T14:47:29.172Z info: The copy performed successfully
2021-10-05T18:11:56.035Z info: Node.js web server at port 3000 is running..
2021-10-05T18:11:59.639Z error: source folder is not exists
2021-10-05T18:12:51.190Z info: Node.js web server at port 3000 is running..
2021-10-05T18:12:53.844Z error: The "path" argument must be of type string or an instance of Buffer or URL. Received undefined
2021-10-05T18:12:53.862Z info: The copy performed successfully
2021-10-05T18:18:40.466Z info: Node.js web server at port 3000 is running..
2021-10-05T18:18:43.647Z info: The copy performed successfully
2021-10-05T18:19:27.051Z info: Node.js web server at port 3000 is running..
2021-10-05T18:19:59.225Z info: Node.js web server at port 3000 is running..
